<?xml version="1.0" encoding="UTF-8"?>
<testng-results skipped="0" failed="0" total="14" passed="14">
  <reporter-output>
  </reporter-output>
  <suite name="basicAnnotaions" duration-ms="15745" started-at="2017-07-06T05:22:43Z" finished-at="2017-07-06T05:22:59Z">
    <groups>
      <group name="database">
        <method signature="GroupTest.test2()[pri:0, instance:testNG.GroupTest@61dc03ce]" name="test2" class="testNG.GroupTest"/>
      </group> <!-- database -->
      <group name="regression">
        <method signature="GroupTest.test1()[pri:0, instance:testNG.GroupTest@61dc03ce]" name="test1" class="testNG.GroupTest"/>
      </group> <!-- regression -->
      <group name="sanity">
        <method signature="GroupTest.test1()[pri:0, instance:testNG.GroupTest@61dc03ce]" name="test1" class="testNG.GroupTest"/>
        <method signature="GroupTest.test2()[pri:0, instance:testNG.GroupTest@61dc03ce]" name="test2" class="testNG.GroupTest"/>
        <method signature="GroupTest.test3()[pri:0, instance:testNG.GroupTest@61dc03ce]" name="test3" class="testNG.GroupTest"/>
      </group> <!-- sanity -->
    </groups>
    <test name="basicAnnotaions" duration-ms="21" started-at="2017-07-06T05:22:43Z" finished-at="2017-07-06T05:22:43Z">
      <class name="testNG.Allannotaions">
        <test-method status="PASS" signature="beforeTest()[pri:0, instance:testNG.Allannotaions@4cb2c100]" name="beforeTest" is-config="true" duration-ms="1" started-at="2017-07-06T10:52:43Z" finished-at="2017-07-06T10:52:43Z">
          <reporter-output>
          </reporter-output>
        </test-method> <!-- beforeTest -->
        <test-method status="PASS" signature="beforeClass()[pri:0, instance:testNG.Allannotaions@4cb2c100]" name="beforeClass" is-config="true" duration-ms="0" started-at="2017-07-06T10:52:43Z" finished-at="2017-07-06T10:52:43Z">
          <reporter-output>
          </reporter-output>
        </test-method> <!-- beforeClass -->
        <test-method status="PASS" signature="test1()[pri:0, instance:testNG.Allannotaions@4cb2c100]" name="test1" duration-ms="2" started-at="2017-07-06T10:52:43Z" finished-at="2017-07-06T10:52:43Z">
          <reporter-output>
          </reporter-output>
        </test-method> <!-- test1 -->
        <test-method status="PASS" signature="beforeMethod()[pri:0, instance:testNG.Allannotaions@4cb2c100]" name="beforeMethod" is-config="true" duration-ms="0" started-at="2017-07-06T10:52:43Z" finished-at="2017-07-06T10:52:43Z">
          <reporter-output>
          </reporter-output>
        </test-method> <!-- beforeMethod -->
        <test-method status="PASS" signature="afterMethod()[pri:0, instance:testNG.Allannotaions@4cb2c100]" name="afterMethod" is-config="true" duration-ms="0" started-at="2017-07-06T10:52:43Z" finished-at="2017-07-06T10:52:43Z">
          <reporter-output>
          </reporter-output>
        </test-method> <!-- afterMethod -->
        <test-method status="PASS" signature="beforeMethod()[pri:0, instance:testNG.Allannotaions@4cb2c100]" name="beforeMethod" is-config="true" duration-ms="0" started-at="2017-07-06T10:52:43Z" finished-at="2017-07-06T10:52:43Z">
          <reporter-output>
          </reporter-output>
        </test-method> <!-- beforeMethod -->
        <test-method status="PASS" signature="test2()[pri:0, instance:testNG.Allannotaions@4cb2c100]" name="test2" duration-ms="1" started-at="2017-07-06T10:52:43Z" finished-at="2017-07-06T10:52:43Z">
          <reporter-output>
          </reporter-output>
        </test-method> <!-- test2 -->
        <test-method status="PASS" signature="afterMethod()[pri:0, instance:testNG.Allannotaions@4cb2c100]" name="afterMethod" is-config="true" duration-ms="0" started-at="2017-07-06T10:52:43Z" finished-at="2017-07-06T10:52:43Z">
          <reporter-output>
          </reporter-output>
        </test-method> <!-- afterMethod -->
        <test-method status="PASS" signature="afterClass()[pri:0, instance:testNG.Allannotaions@4cb2c100]" name="afterClass" is-config="true" duration-ms="1" started-at="2017-07-06T10:52:43Z" finished-at="2017-07-06T10:52:43Z">
          <reporter-output>
          </reporter-output>
        </test-method> <!-- afterClass -->
        <test-method status="PASS" signature="afterTest()[pri:0, instance:testNG.Allannotaions@4cb2c100]" name="afterTest" is-config="true" duration-ms="0" started-at="2017-07-06T10:52:43Z" finished-at="2017-07-06T10:52:43Z">
          <reporter-output>
          </reporter-output>
        </test-method> <!-- afterTest -->
      </class> <!-- testNG.Allannotaions -->
    </test> <!-- basicAnnotaions -->
    <test name="groupsTest" duration-ms="5" started-at="2017-07-06T05:22:43Z" finished-at="2017-07-06T05:22:43Z">
      <class name="testNG.GroupTest">
        <test-method status="PASS" signature="setUP()[pri:0, instance:testNG.GroupTest@61dc03ce]" name="setUP" is-config="true" duration-ms="1" started-at="2017-07-06T10:52:43Z" finished-at="2017-07-06T10:52:43Z">
          <reporter-output>
          </reporter-output>
        </test-method> <!-- setUP -->
        <test-method status="PASS" signature="test1()[pri:0, instance:testNG.GroupTest@61dc03ce]" name="test1" duration-ms="1" started-at="2017-07-06T10:52:43Z" finished-at="2017-07-06T10:52:43Z">
          <reporter-output>
          </reporter-output>
        </test-method> <!-- test1 -->
        <test-method status="PASS" signature="test2()[pri:0, instance:testNG.GroupTest@61dc03ce]" name="test2" duration-ms="0" started-at="2017-07-06T10:52:43Z" finished-at="2017-07-06T10:52:43Z">
          <reporter-output>
          </reporter-output>
        </test-method> <!-- test2 -->
        <test-method status="PASS" signature="test3()[pri:0, instance:testNG.GroupTest@61dc03ce]" name="test3" duration-ms="0" started-at="2017-07-06T10:52:43Z" finished-at="2017-07-06T10:52:43Z">
          <reporter-output>
          </reporter-output>
        </test-method> <!-- test3 -->
      </class> <!-- testNG.GroupTest -->
    </test> <!-- groupsTest -->
    <test name="dependsOnTest" duration-ms="15" started-at="2017-07-06T05:22:43Z" finished-at="2017-07-06T05:22:43Z">
      <class name="testNG.DependsOnTest">
        <test-method status="PASS" signature="login()[pri:0, instance:testNG.DependsOnTest@7f560810]" name="login" duration-ms="1" started-at="2017-07-06T10:52:43Z" finished-at="2017-07-06T10:52:43Z">
          <reporter-output>
          </reporter-output>
        </test-method> <!-- login -->
        <test-method status="PASS" signature="logout()[pri:0, instance:testNG.DependsOnTest@7f560810]" name="logout" duration-ms="4" started-at="2017-07-06T10:52:43Z" depends-on-methods="testNG.DependsOnTest.login" finished-at="2017-07-06T10:52:43Z">
          <reporter-output>
          </reporter-output>
        </test-method> <!-- logout -->
        <test-method status="PASS" signature="test2()[pri:0, instance:testNG.DependsOnTest@7f560810]" name="test2" duration-ms="0" started-at="2017-07-06T10:52:43Z" depends-on-methods="testNG.DependsOnTest.logout, testNG.DependsOnTest.login" finished-at="2017-07-06T10:52:43Z">
          <reporter-output>
          </reporter-output>
        </test-method> <!-- test2 -->
      </class> <!-- testNG.DependsOnTest -->
    </test> <!-- dependsOnTest -->
    <test name="parameterTest" duration-ms="17" started-at="2017-07-06T05:22:43Z" finished-at="2017-07-06T05:22:43Z">
      <class name="testNG.ParametersInTestNG">
        <test-method status="PASS" signature="testLogin(java.lang.String, java.lang.String)[pri:0, instance:testNG.ParametersInTestNG@3c09711b]" name="testLogin" duration-ms="1" started-at="2017-07-06T10:52:43Z" finished-at="2017-07-06T10:52:43Z">
          <params>
            <param index="0">
              <value>
                <![CDATA[userName123]]>
              </value>
            </param>
            <param index="1">
              <value>
                <![CDATA[password123]]>
              </value>
            </param>
          </params>
          <reporter-output>
          </reporter-output>
        </test-method> <!-- testLogin -->
      </class> <!-- testNG.ParametersInTestNG -->
    </test> <!-- parameterTest -->
    <test name="DataProviderTest" duration-ms="6" started-at="2017-07-06T05:22:43Z" finished-at="2017-07-06T05:22:43Z">
      <class name="testNG.DataProviderTest">
        <test-method status="PASS" signature="test(java.lang.String, java.lang.String)[pri:0, instance:testNG.DataProviderTest@458ad742]" name="test" duration-ms="1" started-at="2017-07-06T10:52:43Z" data-provider="data" finished-at="2017-07-06T10:52:43Z">
          <params>
            <param index="0">
              <value>
                <![CDATA[userName1]]>
              </value>
            </param>
            <param index="1">
              <value>
                <![CDATA[passowrd1]]>
              </value>
            </param>
          </params>
          <reporter-output>
          </reporter-output>
        </test-method> <!-- test -->
        <test-method status="PASS" signature="test(java.lang.String, java.lang.String)[pri:0, instance:testNG.DataProviderTest@458ad742]" name="test" duration-ms="0" started-at="2017-07-06T10:52:43Z" data-provider="data" finished-at="2017-07-06T10:52:43Z">
          <params>
            <param index="0">
              <value>
                <![CDATA[userName2]]>
              </value>
            </param>
            <param index="1">
              <value>
                <![CDATA[passowrd2]]>
              </value>
            </param>
          </params>
          <reporter-output>
          </reporter-output>
        </test-method> <!-- test -->
        <test-method status="PASS" signature="test(java.lang.String, java.lang.String)[pri:0, instance:testNG.DataProviderTest@458ad742]" name="test" duration-ms="0" started-at="2017-07-06T10:52:43Z" data-provider="data" finished-at="2017-07-06T10:52:43Z">
          <params>
            <param index="0">
              <value>
                <![CDATA[userName3]]>
              </value>
            </param>
            <param index="1">
              <value>
                <![CDATA[passowrd3]]>
              </value>
            </param>
          </params>
          <reporter-output>
          </reporter-output>
        </test-method> <!-- test -->
      </class> <!-- testNG.DataProviderTest -->
    </test> <!-- DataProviderTest -->
    <test name="EnableAndDisableTest" duration-ms="3" started-at="2017-07-06T05:22:43Z" finished-at="2017-07-06T05:22:43Z">
      <class name="testNG.EnableAndDisableTest">
        <test-method status="PASS" signature="test()[pri:0, instance:testNG.EnableAndDisableTest@1efbd816]" name="test" duration-ms="0" started-at="2017-07-06T10:52:43Z" description="I am login test with valid data" finished-at="2017-07-06T10:52:43Z">
          <reporter-output>
          </reporter-output>
        </test-method> <!-- test -->
      </class> <!-- testNG.EnableAndDisableTest -->
    </test> <!-- EnableAndDisableTest -->
    <test name="compareTextTest" duration-ms="15472" started-at="2017-07-06T05:22:43Z" finished-at="2017-07-06T05:22:59Z">
      <class name="testNG.Allannotaions">
        <test-method status="PASS" signature="beforeSuite()[pri:0, instance:testNG.Allannotaions@4cb2c100]" name="beforeSuite" is-config="true" duration-ms="13" started-at="2017-07-06T10:52:43Z" finished-at="2017-07-06T10:52:43Z">
          <reporter-output>
          </reporter-output>
        </test-method> <!-- beforeSuite -->
        <test-method status="PASS" signature="afterSuite()[pri:0, instance:testNG.Allannotaions@4cb2c100]" name="afterSuite" is-config="true" duration-ms="1" started-at="2017-07-06T10:52:59Z" finished-at="2017-07-06T10:52:59Z">
          <reporter-output>
          </reporter-output>
        </test-method> <!-- afterSuite -->
      </class> <!-- testNG.Allannotaions -->
      <class name="seleniumExamples.HowToVerifyCommonTextInSelenium">
        <test-method status="PASS" signature="howToVerifyCommonTextInSelenium()[pri:0, instance:seleniumExamples.HowToVerifyCommonTextInSelenium@32d992b2]" name="howToVerifyCommonTextInSelenium" duration-ms="15467" started-at="2017-07-06T10:52:43Z" finished-at="2017-07-06T10:52:59Z">
          <reporter-output>
          </reporter-output>
        </test-method> <!-- howToVerifyCommonTextInSelenium -->
      </class> <!-- seleniumExamples.HowToVerifyCommonTextInSelenium -->
    </test> <!-- compareTextTest -->
  </suite> <!-- basicAnnotaions -->
</testng-results>
