<?xml version="1.0" encoding="UTF-8"?>
<testng-results skipped="0" failed="0" total="1" passed="1">
  <reporter-output>
  </reporter-output>
  <suite name="Default suite" duration-ms="12760" started-at="2017-07-05T20:03:28Z" finished-at="2017-07-05T20:03:40Z">
    <groups>
    </groups>
    <test name="Default test" duration-ms="12760" started-at="2017-07-05T20:03:28Z" finished-at="2017-07-05T20:03:40Z">
      <class name="seleniumExamples.HowToVerifyCommonTextInSelenium">
        <test-method status="PASS" signature="howToVerifyCommonTextInSelenium()[pri:0, instance:seleniumExamples.HowToVerifyCommonTextInSelenium@523884b2]" name="howToVerifyCommonTextInSelenium" duration-ms="12737" started-at="2017-07-06T01:33:28Z" finished-at="2017-07-06T01:33:40Z">
          <reporter-output>
          </reporter-output>
        </test-method> <!-- howToVerifyCommonTextInSelenium -->
      </class> <!-- seleniumExamples.HowToVerifyCommonTextInSelenium -->
    </test> <!-- Default test -->
  </suite> <!-- Default suite -->
</testng-results>
